2026-06-06 14:24:30,487 - INFO - Processing 24 symbols
2026-06-06 14:24:33,650 - INFO -   RELIANCE.NS: 250 rows stored in DB
2026-06-06 14:24:35,241 - INFO -   HDFCBANK.NS: 250 rows stored in DB
2026-06-06 14:24:37,082 - INFO -   ICICIBANK.NS: 250 rows stored in DB
2026-06-06 14:24:38,640 - INFO -   INFY.NS: 250 rows stored in DB
2026-06-06 14:24:40,132 - INFO -   TCS.NS: 250 rows stored in DB
2026-06-06 14:24:41,626 - INFO -   ITC.NS: 250 rows stored in DB
2026-06-06 14:24:42,950 - INFO -   HINDUNILVR.NS: 250 rows stored in DB
2026-06-06 14:24:44,561 - INFO -   SBIN.NS: 250 rows stored in DB
2026-06-06 14:24:45,823 - INFO -   BHARTIARTL.NS: 250 rows stored in DB
2026-06-06 14:24:47,564 - INFO -   KOTAKBANK.NS: 250 rows stored in DB
2026-06-06 14:24:49,333 - INFO -   LT.NS: 250 rows stored in DB
2026-06-06 14:24:51,059 - INFO -   AXISBANK.NS: 250 rows stored in DB
2026-06-06 14:24:52,485 - INFO -   BAJFINANCE.NS: 250 rows stored in DB
2026-06-06 14:24:53,828 - INFO -   ASIANPAINT.NS: 250 rows stored in DB
2026-06-06 14:24:55,110 - INFO -   MARUTI.NS: 250 rows stored in DB
2026-06-06 14:24:56,503 - INFO -   SUNPHARMA.NS: 250 rows stored in DB
2026-06-06 14:24:58,019 - INFO -   WIPRO.NS: 250 rows stored in DB
2026-06-06 14:24:59,558 - INFO -   POWERGRID.NS: 250 rows stored in DB
2026-06-06 14:25:00,993 - INFO -   NTPC.NS: 250 rows stored in DB
2026-06-06 14:25:02,358 - INFO -   ONGC.NS: 250 rows stored in DB
2026-06-06 14:25:03,837 - INFO -   ^NSEI: 247 rows stored in DB
2026-06-06 14:25:05,011 - INFO -   ^NSEBANK: 247 rows stored in DB
2026-06-06 14:25:06,532 - INFO -   ^BSESN: 247 rows stored in DB
2026-06-06 14:25:08,102 - INFO -   ^NSEMDCP50: 246 rows stored in DB
2026-06-06 14:25:08,530 - INFO - README updated.
2026-06-06 14:25:08,532 - INFO - All done.
2026-06-06 14:35:15,626 - INFO - Processing 24 symbols
2026-06-06 14:35:15,649 - INFO - Processing: RELIANCE.NS
2026-06-06 14:35:16,809 - INFO -   RELIANCE.NS: 250 rows stored in DB
2026-06-06 14:35:16,809 - INFO - Processing: HDFCBANK.NS
2026-06-06 14:35:17,951 - INFO -   HDFCBANK.NS: 250 rows stored in DB
2026-06-06 14:35:17,951 - INFO - Processing: ICICIBANK.NS
2026-06-06 14:35:19,102 - INFO -   ICICIBANK.NS: 250 rows stored in DB
2026-06-06 14:35:19,103 - INFO - Processing: INFY.NS
2026-06-06 14:35:19,956 - INFO -   INFY.NS: 250 rows stored in DB
2026-06-06 14:35:19,956 - INFO - Processing: TCS.NS
2026-06-06 14:35:21,100 - INFO -   TCS.NS: 250 rows stored in DB
2026-06-06 14:35:21,100 - INFO - Processing: ITC.NS
2026-06-06 14:35:22,119 - INFO -   ITC.NS: 250 rows stored in DB
2026-06-06 14:35:22,119 - INFO - Processing: HINDUNILVR.NS
2026-06-06 14:35:23,286 - INFO -   HINDUNILVR.NS: 250 rows stored in DB
2026-06-06 14:35:23,288 - INFO - Processing: SBIN.NS
2026-06-06 14:35:24,537 - INFO -   SBIN.NS: 250 rows stored in DB
2026-06-06 14:35:24,537 - INFO - Processing: BHARTIARTL.NS
2026-06-06 14:35:25,659 - INFO -   BHARTIARTL.NS: 250 rows stored in DB
2026-06-06 14:35:25,660 - INFO - Processing: KOTAKBANK.NS
2026-06-06 14:35:26,927 - INFO -   KOTAKBANK.NS: 250 rows stored in DB
2026-06-06 14:35:26,929 - INFO - Processing: LT.NS
2026-06-06 14:35:28,136 - INFO -   LT.NS: 250 rows stored in DB
2026-06-06 14:35:28,136 - INFO - Processing: AXISBANK.NS
2026-06-06 14:35:29,286 - INFO -   AXISBANK.NS: 250 rows stored in DB
2026-06-06 14:35:29,291 - INFO - Processing: BAJFINANCE.NS
2026-06-06 14:35:30,815 - INFO -   BAJFINANCE.NS: 250 rows stored in DB
2026-06-06 14:35:30,815 - INFO - Processing: ASIANPAINT.NS
2026-06-06 14:35:31,891 - INFO -   ASIANPAINT.NS: 250 rows stored in DB
2026-06-06 14:35:31,892 - INFO - Processing: MARUTI.NS
2026-06-06 14:35:33,287 - INFO -   MARUTI.NS: 250 rows stored in DB
2026-06-06 14:35:33,287 - INFO - Processing: SUNPHARMA.NS
2026-06-06 14:35:34,805 - INFO -   SUNPHARMA.NS: 250 rows stored in DB
2026-06-06 14:35:34,805 - INFO - Processing: WIPRO.NS
2026-06-06 14:35:36,378 - INFO -   WIPRO.NS: 250 rows stored in DB
2026-06-06 14:35:36,379 - INFO - Processing: POWERGRID.NS
2026-06-06 14:35:37,824 - INFO -   POWERGRID.NS: 250 rows stored in DB
2026-06-06 14:35:37,825 - INFO - Processing: NTPC.NS
2026-06-06 14:35:39,315 - INFO -   NTPC.NS: 250 rows stored in DB
2026-06-06 14:35:39,315 - INFO - Processing: ONGC.NS
2026-06-06 14:35:40,803 - INFO -   ONGC.NS: 250 rows stored in DB
2026-06-06 14:35:40,804 - INFO - Processing: ^NSEI
2026-06-06 14:35:42,324 - INFO -   ^NSEI: 247 rows stored in DB
2026-06-06 14:35:42,324 - INFO - Processing: ^NSEBANK
2026-06-06 14:35:43,862 - INFO -   ^NSEBANK: 247 rows stored in DB
2026-06-06 14:35:43,863 - INFO - Processing: ^BSESN
2026-06-06 14:35:45,484 - INFO -   ^BSESN: 247 rows stored in DB
2026-06-06 14:35:45,485 - INFO - Processing: ^NSEMDCP50
2026-06-06 14:35:47,229 - INFO -   ^NSEMDCP50: 246 rows stored in DB
2026-06-06 14:35:47,645 - INFO - README updated.
2026-06-06 14:35:47,645 - INFO - All done.
2026-06-06 14:40:05,907 - INFO - Processing 24 symbols
2026-06-06 14:40:05,907 - INFO - Processing: RELIANCE.NS
2026-06-06 14:40:07,329 - INFO -   RELIANCE.NS: 250 rows stored in DB
2026-06-06 14:40:07,336 - INFO - Processing: HDFCBANK.NS
2026-06-06 14:40:08,278 - INFO -   HDFCBANK.NS: 250 rows stored in DB
2026-06-06 14:40:08,278 - INFO - Processing: ICICIBANK.NS
2026-06-06 14:40:09,425 - INFO -   ICICIBANK.NS: 250 rows stored in DB
2026-06-06 14:40:09,425 - INFO - Processing: INFY.NS
2026-06-06 14:40:10,245 - INFO -   INFY.NS: 250 rows stored in DB
2026-06-06 14:40:10,245 - INFO - Processing: TCS.NS
2026-06-06 14:40:11,138 - INFO -   TCS.NS: 250 rows stored in DB
2026-06-06 14:40:11,139 - INFO - Processing: ITC.NS
2026-06-06 14:40:12,500 - INFO -   ITC.NS: 250 rows stored in DB
2026-06-06 14:40:12,501 - INFO - Processing: HINDUNILVR.NS
2026-06-06 14:40:13,940 - INFO -   HINDUNILVR.NS: 250 rows stored in DB
2026-06-06 14:40:13,941 - INFO - Processing: SBIN.NS
2026-06-06 14:40:15,406 - INFO -   SBIN.NS: 250 rows stored in DB
2026-06-06 14:40:15,408 - INFO - Processing: BHARTIARTL.NS
2026-06-06 14:40:16,720 - INFO -   BHARTIARTL.NS: 250 rows stored in DB
2026-06-06 14:40:16,721 - INFO - Processing: KOTAKBANK.NS
2026-06-06 14:40:17,991 - INFO -   KOTAKBANK.NS: 250 rows stored in DB
2026-06-06 14:40:17,991 - INFO - Processing: LT.NS
2026-06-06 14:40:19,404 - INFO -   LT.NS: 250 rows stored in DB
2026-06-06 14:40:19,405 - INFO - Processing: AXISBANK.NS
2026-06-06 14:40:20,594 - INFO -   AXISBANK.NS: 250 rows stored in DB
2026-06-06 14:40:20,596 - INFO - Processing: BAJFINANCE.NS
2026-06-06 14:40:22,008 - INFO -   BAJFINANCE.NS: 250 rows stored in DB
2026-06-06 14:40:22,008 - INFO - Processing: ASIANPAINT.NS
2026-06-06 14:40:23,366 - INFO -   ASIANPAINT.NS: 250 rows stored in DB
2026-06-06 14:40:23,366 - INFO - Processing: MARUTI.NS
2026-06-06 14:40:24,479 - INFO -   MARUTI.NS: 250 rows stored in DB
2026-06-06 14:40:24,479 - INFO - Processing: SUNPHARMA.NS
2026-06-06 14:40:26,046 - INFO -   SUNPHARMA.NS: 250 rows stored in DB
2026-06-06 14:40:26,046 - INFO - Processing: WIPRO.NS
2026-06-06 14:40:27,350 - INFO -   WIPRO.NS: 250 rows stored in DB
2026-06-06 14:40:27,352 - INFO - Processing: POWERGRID.NS
2026-06-06 14:40:28,814 - INFO -   POWERGRID.NS: 250 rows stored in DB
2026-06-06 14:40:28,814 - INFO - Processing: NTPC.NS
2026-06-06 14:40:30,226 - INFO -   NTPC.NS: 250 rows stored in DB
2026-06-06 14:40:30,226 - INFO - Processing: ONGC.NS
2026-06-06 14:40:31,722 - INFO -   ONGC.NS: 250 rows stored in DB
2026-06-06 14:40:31,722 - INFO - Processing: ^NSEI
2026-06-06 14:40:33,059 - INFO -   ^NSEI: 247 rows stored in DB
2026-06-06 14:40:33,060 - INFO - Processing: ^NSEBANK
2026-06-06 14:40:34,304 - INFO -   ^NSEBANK: 247 rows stored in DB
2026-06-06 14:40:34,304 - INFO - Processing: ^BSESN
2026-06-06 14:40:35,707 - INFO -   ^BSESN: 247 rows stored in DB
2026-06-06 14:40:35,707 - INFO - Processing: ^NSEMDCP50
2026-06-06 14:40:37,142 - INFO -   ^NSEMDCP50: 246 rows stored in DB
2026-06-06 14:40:37,471 - INFO - README updated.
2026-06-06 14:40:37,478 - INFO - All done.
2026-06-06 14:47:56,032 - INFO - Processing 24 symbols
2026-06-06 14:47:56,032 - INFO - Processing: RELIANCE.NS
2026-06-06 14:47:57,361 - INFO -   RELIANCE.NS: 250 rows stored in DB
2026-06-06 14:47:57,364 - INFO - Processing: HDFCBANK.NS
2026-06-06 14:47:58,180 - INFO -   HDFCBANK.NS: 250 rows stored in DB
2026-06-06 14:47:58,181 - INFO - Processing: ICICIBANK.NS
2026-06-06 14:47:58,905 - INFO -   ICICIBANK.NS: 250 rows stored in DB
2026-06-06 14:47:58,906 - INFO - Processing: INFY.NS
2026-06-06 14:47:59,734 - INFO -   INFY.NS: 250 rows stored in DB
2026-06-06 14:47:59,735 - INFO - Processing: TCS.NS
2026-06-06 14:48:00,536 - INFO -   TCS.NS: 250 rows stored in DB
2026-06-06 14:48:00,536 - INFO - Processing: ITC.NS
2026-06-06 14:48:01,522 - INFO -   ITC.NS: 250 rows stored in DB
2026-06-06 14:48:01,523 - INFO - Processing: HINDUNILVR.NS
2026-06-06 14:48:02,749 - INFO -   HINDUNILVR.NS: 250 rows stored in DB
2026-06-06 14:48:02,749 - INFO - Processing: SBIN.NS
2026-06-06 14:48:04,383 - INFO -   SBIN.NS: 250 rows stored in DB
2026-06-06 14:48:04,383 - INFO - Processing: BHARTIARTL.NS
2026-06-06 14:48:05,869 - INFO -   BHARTIARTL.NS: 250 rows stored in DB
2026-06-06 14:48:05,869 - INFO - Processing: KOTAKBANK.NS
2026-06-06 14:48:07,501 - INFO -   KOTAKBANK.NS: 250 rows stored in DB
2026-06-06 14:48:07,501 - INFO - Processing: LT.NS
2026-06-06 14:48:08,854 - INFO -   LT.NS: 250 rows stored in DB
2026-06-06 14:48:08,854 - INFO - Processing: AXISBANK.NS
2026-06-06 14:48:10,299 - INFO -   AXISBANK.NS: 250 rows stored in DB
2026-06-06 14:48:10,300 - INFO - Processing: BAJFINANCE.NS
2026-06-06 14:48:11,767 - INFO -   BAJFINANCE.NS: 250 rows stored in DB
2026-06-06 14:48:11,768 - INFO - Processing: ASIANPAINT.NS
2026-06-06 14:48:13,270 - INFO -   ASIANPAINT.NS: 250 rows stored in DB
2026-06-06 14:48:13,270 - INFO - Processing: MARUTI.NS
2026-06-06 14:48:14,736 - INFO -   MARUTI.NS: 250 rows stored in DB
2026-06-06 14:48:14,737 - INFO - Processing: SUNPHARMA.NS
2026-06-06 14:48:16,120 - INFO -   SUNPHARMA.NS: 250 rows stored in DB
2026-06-06 14:48:16,120 - INFO - Processing: WIPRO.NS
2026-06-06 14:48:17,553 - INFO -   WIPRO.NS: 250 rows stored in DB
2026-06-06 14:48:17,553 - INFO - Processing: POWERGRID.NS
2026-06-06 14:48:18,779 - INFO -   POWERGRID.NS: 250 rows stored in DB
2026-06-06 14:48:18,781 - INFO - Processing: NTPC.NS
2026-06-06 14:48:20,348 - INFO -   NTPC.NS: 250 rows stored in DB
2026-06-06 14:48:20,348 - INFO - Processing: ONGC.NS
2026-06-06 14:48:22,110 - INFO -   ONGC.NS: 250 rows stored in DB
2026-06-06 14:48:22,110 - INFO - Processing: ^NSEI
2026-06-06 14:48:23,456 - INFO -   ^NSEI: 247 rows stored in DB
2026-06-06 14:48:23,456 - INFO - Processing: ^NSEBANK
2026-06-06 14:48:24,639 - INFO -   ^NSEBANK: 247 rows stored in DB
2026-06-06 14:48:24,640 - INFO - Processing: ^BSESN
2026-06-06 14:48:25,905 - INFO -   ^BSESN: 247 rows stored in DB
2026-06-06 14:48:25,905 - INFO - Processing: ^NSEMDCP50
2026-06-06 14:48:27,121 - INFO -   ^NSEMDCP50: 246 rows stored in DB
2026-06-06 14:48:27,689 - INFO - README updated.
2026-06-06 14:48:27,695 - INFO - All done.
2026-06-06 14:50:38,002 - INFO - Processing 24 symbols
2026-06-06 14:50:38,002 - INFO - Processing: RELIANCE.NS
2026-06-06 14:50:39,219 - INFO -   RELIANCE.NS: 250 rows stored in DB
2026-06-06 14:50:39,219 - INFO - Processing: HDFCBANK.NS
2026-06-06 14:50:39,891 - INFO -   HDFCBANK.NS: 250 rows stored in DB
2026-06-06 14:50:39,891 - INFO - Processing: ICICIBANK.NS
2026-06-06 14:50:40,653 - INFO -   ICICIBANK.NS: 250 rows stored in DB
2026-06-06 14:50:40,654 - INFO - Processing: INFY.NS
2026-06-06 14:50:41,401 - INFO -   INFY.NS: 250 rows stored in DB
2026-06-06 14:50:41,402 - INFO - Processing: TCS.NS
2026-06-06 14:50:42,125 - INFO -   TCS.NS: 250 rows stored in DB
2026-06-06 14:50:42,126 - INFO - Processing: ITC.NS
2026-06-06 14:50:42,833 - INFO -   ITC.NS: 250 rows stored in DB
2026-06-06 14:50:42,833 - INFO - Processing: HINDUNILVR.NS
2026-06-06 14:50:43,505 - INFO -   HINDUNILVR.NS: 250 rows stored in DB
2026-06-06 14:50:43,507 - INFO - Processing: SBIN.NS
2026-06-06 14:50:44,362 - INFO -   SBIN.NS: 250 rows stored in DB
2026-06-06 14:50:44,366 - INFO - Processing: BHARTIARTL.NS
2026-06-06 14:50:45,574 - INFO -   BHARTIARTL.NS: 250 rows stored in DB
2026-06-06 14:50:45,580 - INFO - Processing: KOTAKBANK.NS
2026-06-06 14:50:48,057 - INFO -   KOTAKBANK.NS: 250 rows stored in DB
2026-06-06 14:50:48,061 - INFO - Processing: LT.NS
2026-06-06 14:50:49,424 - INFO -   LT.NS: 250 rows stored in DB
2026-06-06 14:50:49,428 - INFO - Processing: AXISBANK.NS
2026-06-06 14:50:51,114 - INFO -   AXISBANK.NS: 250 rows stored in DB
2026-06-06 14:50:51,117 - INFO - Processing: BAJFINANCE.NS
2026-06-06 14:50:52,631 - INFO -   BAJFINANCE.NS: 250 rows stored in DB
2026-06-06 14:50:52,635 - INFO - Processing: ASIANPAINT.NS
2026-06-06 14:50:53,949 - INFO -   ASIANPAINT.NS: 250 rows stored in DB
2026-06-06 14:50:53,955 - INFO - Processing: MARUTI.NS
2026-06-06 14:50:55,206 - INFO -   MARUTI.NS: 250 rows stored in DB
2026-06-06 14:50:55,208 - INFO - Processing: SUNPHARMA.NS
2026-06-06 14:50:56,647 - INFO -   SUNPHARMA.NS: 250 rows stored in DB
2026-06-06 14:50:56,651 - INFO - Processing: WIPRO.NS
2026-06-06 14:50:58,487 - INFO -   WIPRO.NS: 250 rows stored in DB
2026-06-06 14:50:58,487 - INFO - Processing: POWERGRID.NS
2026-06-06 14:50:59,804 - INFO -   POWERGRID.NS: 250 rows stored in DB
2026-06-06 14:50:59,805 - INFO - Processing: NTPC.NS
2026-06-06 14:51:01,271 - INFO -   NTPC.NS: 250 rows stored in DB
2026-06-06 14:51:01,271 - INFO - Processing: ONGC.NS
2026-06-06 14:51:02,731 - INFO -   ONGC.NS: 250 rows stored in DB
2026-06-06 14:51:02,734 - INFO - Processing: ^NSEI
2026-06-06 14:51:04,114 - INFO -   ^NSEI: 247 rows stored in DB
2026-06-06 14:51:04,123 - INFO - Processing: ^NSEBANK
2026-06-06 14:51:05,318 - INFO -   ^NSEBANK: 247 rows stored in DB
2026-06-06 14:51:05,319 - INFO - Processing: ^BSESN
2026-06-06 14:51:06,461 - INFO -   ^BSESN: 247 rows stored in DB
2026-06-06 14:51:06,463 - INFO - Processing: ^NSEMDCP50
2026-06-06 14:51:07,786 - INFO -   ^NSEMDCP50: 246 rows stored in DB
2026-06-06 14:51:08,187 - INFO - README updated.
2026-06-06 14:51:08,192 - INFO - All done.
2026-06-06 15:24:48,385 - INFO - Processing 25 symbols
2026-06-06 15:24:48,385 - INFO - Processing: RELIANCE.NS
2026-06-06 15:24:50,050 - INFO -   RELIANCE.NS: 250 rows stored in DB
2026-06-06 15:24:50,052 - INFO - Processing: HDFCBANK.NS
2026-06-06 15:24:50,976 - INFO -   HDFCBANK.NS: 250 rows stored in DB
2026-06-06 15:24:50,977 - INFO - Processing: ICICIBANK.NS
2026-06-06 15:24:52,039 - INFO -   ICICIBANK.NS: 250 rows stored in DB
2026-06-06 15:24:52,040 - INFO - Processing: INFY.NS
2026-06-06 15:24:52,963 - INFO -   INFY.NS: 250 rows stored in DB
2026-06-06 15:24:52,963 - INFO - Processing: TCS.NS
2026-06-06 15:24:53,763 - INFO -   TCS.NS: 250 rows stored in DB
2026-06-06 15:24:53,763 - INFO - Processing: ITC.NS
2026-06-06 15:24:54,650 - INFO -   ITC.NS: 250 rows stored in DB
2026-06-06 15:24:54,651 - INFO - Processing: HINDUNILVR.NS
2026-06-06 15:24:55,537 - INFO -   HINDUNILVR.NS: 250 rows stored in DB
2026-06-06 15:24:55,537 - INFO - Processing: SBIN.NS
2026-06-06 15:24:56,304 - INFO -   SBIN.NS: 250 rows stored in DB
2026-06-06 15:24:56,305 - INFO - Processing: BHARTIARTL.NS
2026-06-06 15:24:57,276 - INFO -   BHARTIARTL.NS: 250 rows stored in DB
2026-06-06 15:24:57,276 - INFO - Processing: KOTAKBANK.NS
2026-06-06 15:24:58,171 - INFO -   KOTAKBANK.NS: 250 rows stored in DB
2026-06-06 15:24:58,171 - INFO - Processing: LT.NS
2026-06-06 15:24:59,125 - INFO -   LT.NS: 250 rows stored in DB
2026-06-06 15:24:59,125 - INFO - Processing: AXISBANK.NS
2026-06-06 15:24:59,808 - INFO -   AXISBANK.NS: 250 rows stored in DB
2026-06-06 15:24:59,808 - INFO - Processing: BAJFINANCE.NS
2026-06-06 15:25:00,749 - INFO -   BAJFINANCE.NS: 250 rows stored in DB
2026-06-06 15:25:00,749 - INFO - Processing: ASIANPAINT.NS
2026-06-06 15:25:01,551 - INFO -   ASIANPAINT.NS: 250 rows stored in DB
2026-06-06 15:25:01,551 - INFO - Processing: MARUTI.NS
2026-06-06 15:25:02,300 - INFO -   MARUTI.NS: 250 rows stored in DB
2026-06-06 15:25:02,301 - INFO - Processing: SUNPHARMA.NS
2026-06-06 15:25:03,186 - INFO -   SUNPHARMA.NS: 250 rows stored in DB
2026-06-06 15:25:03,186 - INFO - Processing: WIPRO.NS
2026-06-06 15:25:04,030 - INFO -   WIPRO.NS: 250 rows stored in DB
2026-06-06 15:25:04,030 - INFO - Processing: POWERGRID.NS
2026-06-06 15:25:04,885 - INFO -   POWERGRID.NS: 250 rows stored in DB
2026-06-06 15:25:04,885 - INFO - Processing: NTPC.NS
2026-06-06 15:25:05,701 - INFO -   NTPC.NS: 250 rows stored in DB
2026-06-06 15:25:05,704 - INFO - Processing: ONGC.NS
2026-06-06 15:25:06,764 - INFO -   ONGC.NS: 250 rows stored in DB
2026-06-06 15:25:06,764 - INFO - Processing: ^NSEI
2026-06-06 15:25:07,582 - INFO -   ^NSEI: 247 rows stored in DB
2026-06-06 15:25:07,582 - INFO - Processing: ^NSEBANK
2026-06-06 15:25:08,229 - INFO -   ^NSEBANK: 247 rows stored in DB
2026-06-06 15:25:08,229 - INFO - Processing: ^BSESN
2026-06-06 15:25:09,011 - INFO -   ^BSESN: 247 rows stored in DB
2026-06-06 15:25:09,015 - INFO - Processing: ^NSEMDCP50
2026-06-06 15:25:09,894 - INFO -   ^NSEMDCP50: 246 rows stored in DB
2026-06-06 15:25:09,894 - INFO - Processing: ^NSEIFIN
2026-06-06 15:25:14,544 - WARNING - No data: ^NSEIFIN
2026-06-06 15:25:14,829 - INFO - README updated.
2026-06-06 15:25:14,831 - INFO - All done.
